{"C:\\Users\\eijin\\OneDrive\\Desktop\\Programacion\\challenge\\api-challenge\\src\\index.ts": {"path":"C:\\Users\\eijin\\OneDrive\\Desktop\\Programacion\\challenge\\api-challenge\\src\\index.ts","statementMap":{"0":{"start":{"line":1,"column":0},"end":{"line":1,"column":30}},"1":{"start":{"line":2,"column":0},"end":{"line":2,"column":28}},"2":{"start":{"line":3,"column":0},"end":{"line":3,"column":43}},"3":{"start":{"line":4,"column":0},"end":{"line":4,"column":43}},"4":{"start":{"line":5,"column":0},"end":{"line":5,"column":45}},"5":{"start":{"line":6,"column":0},"end":{"line":6,"column":51}},"6":{"start":{"line":7,"column":0},"end":{"line":7,"column":49}},"7":{"start":{"line":9,"column":0},"end":{"line":9,"column":16}},"8":{"start":{"line":11,"column":12},"end":{"line":11,"column":21}},"9":{"start":{"line":12,"column":0},"end":{"line":12,"column":24}},"10":{"start":{"line":15,"column":0},"end":{"line":15,"column":72}},"11":{"start":{"line":18,"column":0},"end":{"line":18,"column":40}},"12":{"start":{"line":19,"column":0},"end":{"line":19,"column":38}},"13":{"start":{"line":22,"column":0},"end":{"line":28,"column":5}},"14":{"start":{"line":24,"column":14},"end":{"line":24,"column":47}},"15":{"start":{"line":26,"column":4},"end":{"line":26,"column":64}},"16":{"start":{"line":27,"column":4},"end":{"line":27,"column":20}},"17":{"start":{"line":29,"column":13},"end":{"line":29,"column":37}},"18":{"start":{"line":30,"column":0},"end":{"line":30,"column":70}},"19":{"start":{"line":30,"column":23},"end":{"line":30,"column":68}}},"fnMap":{"0":{"name":"(anonymous_1)","decl":{"start":{"line":24,"column":8},"end":{"line":24,"column":11}},"loc":{"start":{"line":24,"column":14},"end":{"line":24,"column":47}}},"1":{"name":"(anonymous_2)","decl":{"start":{"line":25,"column":9},"end":{"line":25,"column":10}},"loc":{"start":{"line":25,"column":17},"end":{"line":28,"column":3}}},"2":{"name":"(anonymous_3)","decl":{"start":{"line":30,"column":17},"end":{"line":30,"column":20}},"loc":{"start":{"line":30,"column":23},"end":{"line":30,"column":68}}}},"branchMap":{"0":{"loc":{"start":{"line":29,"column":13},"end":{"line":29,"column":37}},"type":"binary-expr","locations":[{"start":{"line":29,"column":13},"end":{"line":29,"column":29}},{"start":{"line":29,"column":33},"end":{"line":29,"column":37}}]}},"s":{"0":0,"1":0,"2":0,"3":0,"4":0,"5":0,"6":0,"7":0,"8":0,"9":0,"10":0,"11":0,"12":0,"13":0,"14":0,"15":0,"16":0,"17":0,"18":0,"19":0},"f":{"0":0,"1":0,"2":0},"b":{"0":[0,0]}}
,"C:\\Users\\eijin\\OneDrive\\Desktop\\Programacion\\challenge\\api-challenge\\src\\swagger.ts": {"path":"C:\\Users\\eijin\\OneDrive\\Desktop\\Programacion\\challenge\\api-challenge\\src\\swagger.ts","statementMap":{"0":{"start":{"line":1,"column":0},"end":{"line":1,"column":43}},"1":{"start":{"line":2,"column":0},"end":{"line":2,"column":33}},"2":{"start":{"line":4,"column":0},"end":{"line":4,"column":45}},"3":{"start":{"line":6,"column":15},"end":{"line":6,"column":23}},"4":{"start":{"line":7,"column":0},"end":{"line":7,"column":75}},"5":{"start":{"line":9,"column":0},"end":{"line":9,"column":22}}},"fnMap":{},"branchMap":{},"s":{"0":0,"1":0,"2":0,"3":0,"4":0,"5":0},"f":{},"b":{}}
,"C:\\Users\\eijin\\OneDrive\\Desktop\\Programacion\\challenge\\api-challenge\\src\\config\\db.config.ts": {"path":"C:\\Users\\eijin\\OneDrive\\Desktop\\Programacion\\challenge\\api-challenge\\src\\config\\db.config.ts","statementMap":{"0":{"start":{"line":1,"column":0},"end":{"line":1,"column":38}},"1":{"start":{"line":2,"column":0},"end":{"line":2,"column":28}},"2":{"start":{"line":3,"column":0},"end":{"line":3,"column":16}},"3":{"start":{"line":5,"column":18},"end":{"line":12,"column":2}},"4":{"start":{"line":16,"column":0},"end":{"line":16,"column":25}}},"fnMap":{},"branchMap":{},"s":{"0":0,"1":0,"2":0,"3":0,"4":0},"f":{},"b":{}}
,"C:\\Users\\eijin\\OneDrive\\Desktop\\Programacion\\challenge\\api-challenge\\src\\controllers\\rentalController.ts": {"path":"C:\\Users\\eijin\\OneDrive\\Desktop\\Programacion\\challenge\\api-challenge\\src\\controllers\\rentalController.ts","statementMap":{"0":{"start":{"line":2,"column":0},"end":{"line":2,"column":110}},"1":{"start":{"line":4,"column":27},"end":{"line":55,"column":1}},"2":{"start":{"line":5,"column":2},"end":{"line":54,"column":3}},"3":{"start":{"line":6,"column":45},"end":{"line":6,"column":53}},"4":{"start":{"line":8,"column":4},"end":{"line":11,"column":5}},"5":{"start":{"line":9,"column":6},"end":{"line":9,"column":57}},"6":{"start":{"line":10,"column":6},"end":{"line":10,"column":13}},"7":{"start":{"line":13,"column":19},"end":{"line":13,"column":73}},"8":{"start":{"line":14,"column":4},"end":{"line":14,"column":33}},"9":{"start":{"line":16,"column":4},"end":{"line":53,"column":5}},"10":{"start":{"line":18,"column":8},"end":{"line":18,"column":55}},"11":{"start":{"line":19,"column":8},"end":{"line":19,"column":14}},"12":{"start":{"line":21,"column":8},"end":{"line":21,"column":55}},"13":{"start":{"line":22,"column":8},"end":{"line":22,"column":14}},"14":{"start":{"line":24,"column":8},"end":{"line":24,"column":55}},"15":{"start":{"line":25,"column":8},"end":{"line":25,"column":14}},"16":{"start":{"line":27,"column":8},"end":{"line":27,"column":55}},"17":{"start":{"line":28,"column":8},"end":{"line":28,"column":14}},"18":{"start":{"line":30,"column":8},"end":{"line":30,"column":55}},"19":{"start":{"line":31,"column":8},"end":{"line":31,"column":14}},"20":{"start":{"line":33,"column":8},"end":{"line":33,"column":55}},"21":{"start":{"line":34,"column":8},"end":{"line":34,"column":14}},"22":{"start":{"line":36,"column":8},"end":{"line":36,"column":55}},"23":{"start":{"line":37,"column":8},"end":{"line":37,"column":14}},"24":{"start":{"line":39,"column":8},"end":{"line":39,"column":55}},"25":{"start":{"line":40,"column":8},"end":{"line":40,"column":14}},"26":{"start":{"line":42,"column":8},"end":{"line":42,"column":55}},"27":{"start":{"line":43,"column":8},"end":{"line":43,"column":14}},"28":{"start":{"line":45,"column":8},"end":{"line":45,"column":55}},"29":{"start":{"line":46,"column":8},"end":{"line":46,"column":14}},"30":{"start":{"line":48,"column":8},"end":{"line":48,"column":55}},"31":{"start":{"line":49,"column":8},"end":{"line":49,"column":14}},"32":{"start":{"line":51,"column":8},"end":{"line":51,"column":50}},"33":{"start":{"line":52,"column":8},"end":{"line":52,"column":65}},"34":{"start":{"line":4,"column":13},"end":{"line":4,"column":27}},"35":{"start":{"line":57,"column":29},"end":{"line":85,"column":1}},"36":{"start":{"line":59,"column":2},"end":{"line":84,"column":3}},"37":{"start":{"line":60,"column":45},"end":{"line":60,"column":53}},"38":{"start":{"line":61,"column":19},"end":{"line":61,"column":75}},"39":{"start":{"line":62,"column":4},"end":{"line":62,"column":21}},"40":{"start":{"line":64,"column":4},"end":{"line":83,"column":5}},"41":{"start":{"line":66,"column":8},"end":{"line":66,"column":55}},"42":{"start":{"line":67,"column":8},"end":{"line":67,"column":14}},"43":{"start":{"line":69,"column":8},"end":{"line":69,"column":55}},"44":{"start":{"line":70,"column":8},"end":{"line":70,"column":14}},"45":{"start":{"line":72,"column":8},"end":{"line":72,"column":55}},"46":{"start":{"line":73,"column":8},"end":{"line":73,"column":14}},"47":{"start":{"line":75,"column":8},"end":{"line":75,"column":55}},"48":{"start":{"line":76,"column":8},"end":{"line":76,"column":14}},"49":{"start":{"line":78,"column":8},"end":{"line":78,"column":55}},"50":{"start":{"line":79,"column":8},"end":{"line":79,"column":14}},"51":{"start":{"line":81,"column":8},"end":{"line":81,"column":50}},"52":{"start":{"line":82,"column":8},"end":{"line":82,"column":65}},"53":{"start":{"line":57,"column":13},"end":{"line":57,"column":29}},"54":{"start":{"line":87,"column":32},"end":{"line":98,"column":1}},"55":{"start":{"line":88,"column":17},"end":{"line":88,"column":27}},"56":{"start":{"line":89,"column":35},"end":{"line":89,"column":44}},"57":{"start":{"line":91,"column":2},"end":{"line":97,"column":3}},"58":{"start":{"line":92,"column":19},"end":{"line":92,"column":94}},"59":{"start":{"line":93,"column":4},"end":{"line":93,"column":21}},"60":{"start":{"line":95,"column":4},"end":{"line":95,"column":57}},"61":{"start":{"line":96,"column":4},"end":{"line":96,"column":76}},"62":{"start":{"line":87,"column":13},"end":{"line":87,"column":32}}},"fnMap":{"0":{"name":"(anonymous_0)","decl":{"start":{"line":4,"column":27},"end":{"line":4,"column":32}},"loc":{"start":{"line":4,"column":65},"end":{"line":55,"column":1}}},"1":{"name":"(anonymous_1)","decl":{"start":{"line":57,"column":29},"end":{"line":57,"column":34}},"loc":{"start":{"line":57,"column":67},"end":{"line":85,"column":1}}},"2":{"name":"(anonymous_2)","decl":{"start":{"line":87,"column":32},"end":{"line":87,"column":37}},"loc":{"start":{"line":87,"column":70},"end":{"line":98,"column":1}}}},"branchMap":{"0":{"loc":{"start":{"line":8,"column":4},"end":{"line":11,"column":5}},"type":"if","locations":[{"start":{"line":8,"column":4},"end":{"line":11,"column":5}}]},"1":{"loc":{"start":{"line":16,"column":4},"end":{"line":53,"column":5}},"type":"switch","locations":[{"start":{"line":17,"column":6},"end":{"line":19,"column":14}},{"start":{"line":20,"column":6},"end":{"line":22,"column":14}},{"start":{"line":23,"column":6},"end":{"line":25,"column":14}},{"start":{"line":26,"column":6},"end":{"line":28,"column":14}},{"start":{"line":29,"column":6},"end":{"line":31,"column":14}},{"start":{"line":32,"column":6},"end":{"line":34,"column":14}},{"start":{"line":35,"column":6},"end":{"line":37,"column":14}},{"start":{"line":38,"column":6},"end":{"line":40,"column":14}},{"start":{"line":41,"column":6},"end":{"line":43,"column":14}},{"start":{"line":44,"column":6},"end":{"line":46,"column":14}},{"start":{"line":47,"column":6},"end":{"line":49,"column":14}},{"start":{"line":50,"column":6},"end":{"line":52,"column":65}}]},"2":{"loc":{"start":{"line":64,"column":4},"end":{"line":83,"column":5}},"type":"switch","locations":[{"start":{"line":65,"column":6},"end":{"line":67,"column":14}},{"start":{"line":68,"column":6},"end":{"line":70,"column":14}},{"start":{"line":71,"column":6},"end":{"line":73,"column":14}},{"start":{"line":74,"column":6},"end":{"line":76,"column":14}},{"start":{"line":77,"column":6},"end":{"line":79,"column":14}},{"start":{"line":80,"column":6},"end":{"line":82,"column":65}}]}},"s":{"0":0,"1":0,"2":0,"3":0,"4":0,"5":0,"6":0,"7":0,"8":0,"9":0,"10":0,"11":0,"12":0,"13":0,"14":0,"15":0,"16":0,"17":0,"18":0,"19":0,"20":0,"21":0,"22":0,"23":0,"24":0,"25":0,"26":0,"27":0,"28":0,"29":0,"30":0,"31":0,"32":0,"33":0,"34":0,"35":0,"36":0,"37":0,"38":0,"39":0,"40":0,"41":0,"42":0,"43":0,"44":0,"45":0,"46":0,"47":0,"48":0,"49":0,"50":0,"51":0,"52":0,"53":0,"54":0,"55":0,"56":0,"57":0,"58":0,"59":0,"60":0,"61":0,"62":0},"f":{"0":0,"1":0,"2":0},"b":{"0":[0],"1":[0,0,0,0,0,0,0,0,0,0,0,0],"2":[0,0,0,0,0,0]}}
,"C:\\Users\\eijin\\OneDrive\\Desktop\\Programacion\\challenge\\api-challenge\\src\\controllers\\scooterController.ts": {"path":"C:\\Users\\eijin\\OneDrive\\Desktop\\Programacion\\challenge\\api-challenge\\src\\controllers\\scooterController.ts","statementMap":{"0":{"start":{"line":2,"column":0},"end":{"line":2,"column":84}},"1":{"start":{"line":4,"column":29},"end":{"line":12,"column":1}},"2":{"start":{"line":5,"column":2},"end":{"line":11,"column":3}},"3":{"start":{"line":6,"column":22},"end":{"line":6,"column":45}},"4":{"start":{"line":7,"column":4},"end":{"line":7,"column":24}},"5":{"start":{"line":9,"column":4},"end":{"line":9,"column":54}},"6":{"start":{"line":10,"column":4},"end":{"line":10,"column":73}},"7":{"start":{"line":4,"column":13},"end":{"line":4,"column":29}},"8":{"start":{"line":14,"column":39},"end":{"line":23,"column":1}},"9":{"start":{"line":15,"column":25},"end":{"line":15,"column":35}},"10":{"start":{"line":16,"column":2},"end":{"line":22,"column":3}},"11":{"start":{"line":17,"column":21},"end":{"line":17,"column":68}},"12":{"start":{"line":18,"column":4},"end":{"line":18,"column":23}},"13":{"start":{"line":20,"column":4},"end":{"line":20,"column":57}},"14":{"start":{"line":21,"column":4},"end":{"line":21,"column":76}},"15":{"start":{"line":14,"column":13},"end":{"line":14,"column":39}}},"fnMap":{"0":{"name":"(anonymous_0)","decl":{"start":{"line":4,"column":29},"end":{"line":4,"column":34}},"loc":{"start":{"line":4,"column":67},"end":{"line":12,"column":1}}},"1":{"name":"(anonymous_1)","decl":{"start":{"line":14,"column":39},"end":{"line":14,"column":44}},"loc":{"start":{"line":14,"column":77},"end":{"line":23,"column":1}}}},"branchMap":{},"s":{"0":0,"1":0,"2":0,"3":0,"4":0,"5":0,"6":0,"7":0,"8":0,"9":0,"10":0,"11":0,"12":0,"13":0,"14":0,"15":0},"f":{"0":0,"1":0},"b":{}}
,"C:\\Users\\eijin\\OneDrive\\Desktop\\Programacion\\challenge\\api-challenge\\src\\models\\Location.ts": {"path":"C:\\Users\\eijin\\OneDrive\\Desktop\\Programacion\\challenge\\api-challenge\\src\\models\\Location.ts","statementMap":{"0":{"start":{"line":1,"column":0},"end":{"line":1,"column":45}},"1":{"start":{"line":2,"column":0},"end":{"line":2,"column":44}},"2":{"start":{"line":10,"column":0},"end":{"line":32,"column":2}},"3":{"start":{"line":34,"column":0},"end":{"line":34,"column":24}}},"fnMap":{},"branchMap":{},"s":{"0":0,"1":0,"2":0,"3":0},"f":{},"b":{}}
,"C:\\Users\\eijin\\OneDrive\\Desktop\\Programacion\\challenge\\api-challenge\\src\\models\\Rental.ts": {"path":"C:\\Users\\eijin\\OneDrive\\Desktop\\Programacion\\challenge\\api-challenge\\src\\models\\Rental.ts","statementMap":{"0":{"start":{"line":1,"column":0},"end":{"line":1,"column":45}},"1":{"start":{"line":2,"column":0},"end":{"line":2,"column":44}},"2":{"start":{"line":3,"column":0},"end":{"line":3,"column":26}},"3":{"start":{"line":4,"column":0},"end":{"line":4,"column":32}},"4":{"start":{"line":17,"column":0},"end":{"line":52,"column":2}},"5":{"start":{"line":54,"column":0},"end":{"line":54,"column":50}},"6":{"start":{"line":55,"column":0},"end":{"line":55,"column":56}},"7":{"start":{"line":57,"column":0},"end":{"line":57,"column":22}}},"fnMap":{},"branchMap":{},"s":{"0":0,"1":0,"2":0,"3":0,"4":0,"5":0,"6":0,"7":0},"f":{},"b":{}}
,"C:\\Users\\eijin\\OneDrive\\Desktop\\Programacion\\challenge\\api-challenge\\src\\models\\Scooter.ts": {"path":"C:\\Users\\eijin\\OneDrive\\Desktop\\Programacion\\challenge\\api-challenge\\src\\models\\Scooter.ts","statementMap":{"0":{"start":{"line":1,"column":0},"end":{"line":1,"column":45}},"1":{"start":{"line":2,"column":0},"end":{"line":2,"column":44}},"2":{"start":{"line":3,"column":0},"end":{"line":3,"column":34}},"3":{"start":{"line":11,"column":0},"end":{"line":43,"column":2}},"4":{"start":{"line":45,"column":0},"end":{"line":45,"column":59}},"5":{"start":{"line":46,"column":0},"end":{"line":46,"column":23}}},"fnMap":{},"branchMap":{},"s":{"0":0,"1":0,"2":0,"3":0,"4":0,"5":0},"f":{},"b":{}}
,"C:\\Users\\eijin\\OneDrive\\Desktop\\Programacion\\challenge\\api-challenge\\src\\models\\User.ts": {"path":"C:\\Users\\eijin\\OneDrive\\Desktop\\Programacion\\challenge\\api-challenge\\src\\models\\User.ts","statementMap":{"0":{"start":{"line":1,"column":0},"end":{"line":1,"column":45}},"1":{"start":{"line":2,"column":0},"end":{"line":2,"column":44}},"2":{"start":{"line":13,"column":0},"end":{"line":48,"column":2}},"3":{"start":{"line":51,"column":0},"end":{"line":51,"column":20}}},"fnMap":{},"branchMap":{},"s":{"0":0,"1":0,"2":0,"3":0},"f":{},"b":{}}
,"C:\\Users\\eijin\\OneDrive\\Desktop\\Programacion\\challenge\\api-challenge\\src\\routes\\rentalRoutes.ts": {"path":"C:\\Users\\eijin\\OneDrive\\Desktop\\Programacion\\challenge\\api-challenge\\src\\routes\\rentalRoutes.ts","statementMap":{"0":{"start":{"line":1,"column":0},"end":{"line":1,"column":33}},"1":{"start":{"line":2,"column":0},"end":{"line":2,"column":95}},"2":{"start":{"line":4,"column":15},"end":{"line":4,"column":23}},"3":{"start":{"line":6,"column":0},"end":{"line":6,"column":34}},"4":{"start":{"line":7,"column":0},"end":{"line":7,"column":38}},"5":{"start":{"line":8,"column":0},"end":{"line":8,"column":37}},"6":{"start":{"line":10,"column":0},"end":{"line":10,"column":22}}},"fnMap":{},"branchMap":{},"s":{"0":0,"1":0,"2":0,"3":0,"4":0,"5":0,"6":0},"f":{},"b":{}}
,"C:\\Users\\eijin\\OneDrive\\Desktop\\Programacion\\challenge\\api-challenge\\src\\routes\\scooterRoutes.ts": {"path":"C:\\Users\\eijin\\OneDrive\\Desktop\\Programacion\\challenge\\api-challenge\\src\\routes\\scooterRoutes.ts","statementMap":{"0":{"start":{"line":1,"column":0},"end":{"line":1,"column":33}},"1":{"start":{"line":2,"column":0},"end":{"line":2,"column":90}},"2":{"start":{"line":4,"column":15},"end":{"line":4,"column":23}},"3":{"start":{"line":6,"column":0},"end":{"line":6,"column":40}},"4":{"start":{"line":7,"column":0},"end":{"line":7,"column":62}},"5":{"start":{"line":9,"column":0},"end":{"line":9,"column":22}}},"fnMap":{},"branchMap":{},"s":{"0":0,"1":0,"2":0,"3":0,"4":0,"5":0},"f":{},"b":{}}
,"C:\\Users\\eijin\\OneDrive\\Desktop\\Programacion\\challenge\\api-challenge\\src\\services\\rentalService.ts": {"path":"C:\\Users\\eijin\\OneDrive\\Desktop\\Programacion\\challenge\\api-challenge\\src\\services\\rentalService.ts","statementMap":{"0":{"start":{"line":1,"column":0},"end":{"line":1,"column":38}},"1":{"start":{"line":2,"column":0},"end":{"line":2,"column":40}},"2":{"start":{"line":3,"column":0},"end":{"line":3,"column":34}},"3":{"start":{"line":4,"column":0},"end":{"line":4,"column":55}},"4":{"start":{"line":5,"column":0},"end":{"line":5,"column":59}},"5":{"start":{"line":6,"column":0},"end":{"line":6,"column":31}},"6":{"start":{"line":8,"column":34},"end":{"line":71,"column":1}},"7":{"start":{"line":9,"column":2},"end":{"line":70,"column":3}},"8":{"start":{"line":10,"column":17},"end":{"line":10,"column":55}},"9":{"start":{"line":11,"column":4},"end":{"line":11,"column":49}},"10":{"start":{"line":11,"column":15},"end":{"line":11,"column":49}},"11":{"start":{"line":14,"column":20},"end":{"line":14,"column":54}},"12":{"start":{"line":15,"column":4},"end":{"line":17,"column":5}},"13":{"start":{"line":16,"column":6},"end":{"line":16,"column":43}},"14":{"start":{"line":19,"column":4},"end":{"line":21,"column":5}},"15":{"start":{"line":20,"column":6},"end":{"line":20,"column":47}},"16":{"start":{"line":24,"column":31},"end":{"line":26,"column":6}},"17":{"start":{"line":27,"column":4},"end":{"line":29,"column":5}},"18":{"start":{"line":28,"column":6},"end":{"line":28,"column":64}},"19":{"start":{"line":31,"column":4},"end":{"line":33,"column":5}},"20":{"start":{"line":32,"column":6},"end":{"line":32,"column":61}},"21":{"start":{"line":36,"column":25},"end":{"line":36,"column":51}},"22":{"start":{"line":37,"column":27},"end":{"line":37,"column":55}},"23":{"start":{"line":38,"column":29},"end":{"line":38,"column":64}},"24":{"start":{"line":40,"column":16},"end":{"line":40,"column":26}},"25":{"start":{"line":41,"column":4},"end":{"line":46,"column":5}},"26":{"start":{"line":42,"column":28},"end":{"line":42,"column":51}},"27":{"start":{"line":43,"column":25},"end":{"line":43,"column":64}},"28":{"start":{"line":44,"column":6},"end":{"line":44,"column":53}},"29":{"start":{"line":45,"column":6},"end":{"line":45,"column":80}},"30":{"start":{"line":49,"column":25},"end":{"line":51,"column":6}},"31":{"start":{"line":52,"column":4},"end":{"line":54,"column":5}},"32":{"start":{"line":53,"column":6},"end":{"line":53,"column":59}},"33":{"start":{"line":56,"column":4},"end":{"line":61,"column":7}},"34":{"start":{"line":62,"column":4},"end":{"line":64,"column":5}},"35":{"start":{"line":63,"column":6},"end":{"line":63,"column":68}},"36":{"start":{"line":65,"column":4},"end":{"line":65,"column":50}},"37":{"start":{"line":66,"column":4},"end":{"line":66,"column":72}},"38":{"start":{"line":68,"column":4},"end":{"line":68,"column":47}},"39":{"start":{"line":69,"column":4},"end":{"line":69,"column":16}},"40":{"start":{"line":8,"column":13},"end":{"line":8,"column":34}},"41":{"start":{"line":73,"column":36},"end":{"line":125,"column":1}},"42":{"start":{"line":74,"column":15},"end":{"line":74,"column":53}},"43":{"start":{"line":75,"column":18},"end":{"line":75,"column":60}},"44":{"start":{"line":76,"column":22},"end":{"line":76,"column":57}},"45":{"start":{"line":78,"column":2},"end":{"line":80,"column":3}},"46":{"start":{"line":79,"column":4},"end":{"line":79,"column":38}},"47":{"start":{"line":81,"column":2},"end":{"line":83,"column":3}},"48":{"start":{"line":82,"column":4},"end":{"line":82,"column":52}},"49":{"start":{"line":84,"column":2},"end":{"line":86,"column":3}},"50":{"start":{"line":85,"column":4},"end":{"line":85,"column":49}},"51":{"start":{"line":89,"column":17},"end":{"line":95,"column":4}},"52":{"start":{"line":97,"column":2},"end":{"line":99,"column":3}},"53":{"start":{"line":98,"column":4},"end":{"line":98,"column":46}},"54":{"start":{"line":102,"column":29},"end":{"line":102,"column":112}},"55":{"start":{"line":104,"column":2},"end":{"line":106,"column":3}},"56":{"start":{"line":105,"column":4},"end":{"line":105,"column":63}},"57":{"start":{"line":108,"column":22},"end":{"line":108,"column":32}},"58":{"start":{"line":109,"column":21},"end":{"line":109,"column":94}},"59":{"start":{"line":111,"column":2},"end":{"line":111,"column":63}},"60":{"start":{"line":112,"column":2},"end":{"line":112,"column":55}},"61":{"start":{"line":114,"column":2},"end":{"line":114,"column":58}},"62":{"start":{"line":115,"column":2},"end":{"line":115,"column":56}},"63":{"start":{"line":116,"column":2},"end":{"line":116,"column":47}},"64":{"start":{"line":119,"column":2},"end":{"line":122,"column":3}},"65":{"start":{"line":120,"column":27},"end":{"line":120,"column":59}},"66":{"start":{"line":121,"column":4},"end":{"line":121,"column":82}},"67":{"start":{"line":124,"column":2},"end":{"line":124,"column":68}},"68":{"start":{"line":73,"column":13},"end":{"line":73,"column":36}},"69":{"start":{"line":127,"column":39},"end":{"line":166,"column":1}},"70":{"start":{"line":128,"column":22},"end":{"line":128,"column":32}},"71":{"start":{"line":129,"column":20},"end":{"line":129,"column":78}},"72":{"start":{"line":130,"column":18},"end":{"line":130,"column":61}},"73":{"start":{"line":132,"column":2},"end":{"line":165,"column":3}},"74":{"start":{"line":134,"column":20},"end":{"line":145,"column":6}},"75":{"start":{"line":148,"column":25},"end":{"line":148,"column":94}},"76":{"start":{"line":148,"column":57},"end":{"line":148,"column":90}},"77":{"start":{"line":151,"column":18},"end":{"line":156,"column":6}},"78":{"start":{"line":159,"column":25},"end":{"line":159,"column":88}},"79":{"start":{"line":159,"column":53},"end":{"line":159,"column":84}},"80":{"start":{"line":162,"column":4},"end":{"line":162,"column":51}},"81":{"start":{"line":164,"column":4},"end":{"line":164,"column":48}},"82":{"start":{"line":127,"column":13},"end":{"line":127,"column":39}}},"fnMap":{"0":{"name":"(anonymous_1)","decl":{"start":{"line":8,"column":34},"end":{"line":8,"column":39}},"loc":{"start":{"line":8,"column":97},"end":{"line":71,"column":1}}},"1":{"name":"(anonymous_2)","decl":{"start":{"line":73,"column":36},"end":{"line":73,"column":41}},"loc":{"start":{"line":73,"column":99},"end":{"line":125,"column":1}}},"2":{"name":"(anonymous_3)","decl":{"start":{"line":127,"column":39},"end":{"line":127,"column":44}},"loc":{"start":{"line":127,"column":105},"end":{"line":166,"column":1}}},"3":{"name":"(anonymous_4)","decl":{"start":{"line":148,"column":40},"end":{"line":148,"column":41}},"loc":{"start":{"line":148,"column":57},"end":{"line":148,"column":90}}},"4":{"name":"(anonymous_5)","decl":{"start":{"line":159,"column":38},"end":{"line":159,"column":39}},"loc":{"start":{"line":159,"column":53},"end":{"line":159,"column":84}}}},"branchMap":{"0":{"loc":{"start":{"line":11,"column":4},"end":{"line":11,"column":49}},"type":"if","locations":[{"start":{"line":11,"column":4},"end":{"line":11,"column":49}}]},"1":{"loc":{"start":{"line":15,"column":4},"end":{"line":17,"column":5}},"type":"if","locations":[{"start":{"line":15,"column":4},"end":{"line":17,"column":5}}]},"2":{"loc":{"start":{"line":19,"column":4},"end":{"line":21,"column":5}},"type":"if","locations":[{"start":{"line":19,"column":4},"end":{"line":21,"column":5}}]},"3":{"loc":{"start":{"line":27,"column":4},"end":{"line":29,"column":5}},"type":"if","locations":[{"start":{"line":27,"column":4},"end":{"line":29,"column":5}}]},"4":{"loc":{"start":{"line":31,"column":4},"end":{"line":33,"column":5}},"type":"if","locations":[{"start":{"line":31,"column":4},"end":{"line":33,"column":5}}]},"5":{"loc":{"start":{"line":31,"column":8},"end":{"line":31,"column":70}},"type":"binary-expr","locations":[{"start":{"line":31,"column":8},"end":{"line":31,"column":43}},{"start":{"line":31,"column":47},"end":{"line":31,"column":70}}]},"6":{"loc":{"start":{"line":41,"column":4},"end":{"line":46,"column":5}},"type":"if","locations":[{"start":{"line":41,"column":4},"end":{"line":46,"column":5}}]},"7":{"loc":{"start":{"line":52,"column":4},"end":{"line":54,"column":5}},"type":"if","locations":[{"start":{"line":52,"column":4},"end":{"line":54,"column":5}}]},"8":{"loc":{"start":{"line":62,"column":4},"end":{"line":64,"column":5}},"type":"if","locations":[{"start":{"line":62,"column":4},"end":{"line":64,"column":5}}]},"9":{"loc":{"start":{"line":78,"column":2},"end":{"line":80,"column":3}},"type":"if","locations":[{"start":{"line":78,"column":2},"end":{"line":80,"column":3}}]},"10":{"loc":{"start":{"line":81,"column":2},"end":{"line":83,"column":3}},"type":"if","locations":[{"start":{"line":81,"column":2},"end":{"line":83,"column":3}}]},"11":{"loc":{"start":{"line":84,"column":2},"end":{"line":86,"column":3}},"type":"if","locations":[{"start":{"line":84,"column":2},"end":{"line":86,"column":3}}]},"12":{"loc":{"start":{"line":97,"column":2},"end":{"line":99,"column":3}},"type":"if","locations":[{"start":{"line":97,"column":2},"end":{"line":99,"column":3}}]},"13":{"loc":{"start":{"line":104,"column":2},"end":{"line":106,"column":3}},"type":"if","locations":[{"start":{"line":104,"column":2},"end":{"line":106,"column":3}}]},"14":{"loc":{"start":{"line":119,"column":2},"end":{"line":122,"column":3}},"type":"if","locations":[{"start":{"line":119,"column":2},"end":{"line":122,"column":3}}]},"15":{"loc":{"start":{"line":129,"column":20},"end":{"line":129,"column":78}},"type":"cond-expr","locations":[{"start":{"line":129,"column":33},"end":{"line":129,"column":53}},{"start":{"line":129,"column":56},"end":{"line":129,"column":78}}]},"16":{"loc":{"start":{"line":130,"column":18},"end":{"line":130,"column":61}},"type":"cond-expr","locations":[{"start":{"line":130,"column":29},"end":{"line":130,"column":47}},{"start":{"line":130,"column":50},"end":{"line":130,"column":61}}]},"17":{"loc":{"start":{"line":148,"column":64},"end":{"line":148,"column":89}},"type":"binary-expr","locations":[{"start":{"line":148,"column":64},"end":{"line":148,"column":84}},{"start":{"line":148,"column":88},"end":{"line":148,"column":89}}]},"18":{"loc":{"start":{"line":159,"column":60},"end":{"line":159,"column":83}},"type":"binary-expr","locations":[{"start":{"line":159,"column":60},"end":{"line":159,"column":78}},{"start":{"line":159,"column":82},"end":{"line":159,"column":83}}]}},"s":{"0":0,"1":0,"2":0,"3":0,"4":0,"5":0,"6":0,"7":0,"8":0,"9":0,"10":0,"11":0,"12":0,"13":0,"14":0,"15":0,"16":0,"17":0,"18":0,"19":0,"20":0,"21":0,"22":0,"23":0,"24":0,"25":0,"26":0,"27":0,"28":0,"29":0,"30":0,"31":0,"32":0,"33":0,"34":0,"35":0,"36":0,"37":0,"38":0,"39":0,"40":0,"41":0,"42":0,"43":0,"44":0,"45":0,"46":0,"47":0,"48":0,"49":0,"50":0,"51":0,"52":0,"53":0,"54":0,"55":0,"56":0,"57":0,"58":0,"59":0,"60":0,"61":0,"62":0,"63":0,"64":0,"65":0,"66":0,"67":0,"68":0,"69":0,"70":0,"71":0,"72":0,"73":0,"74":0,"75":0,"76":0,"77":0,"78":0,"79":0,"80":0,"81":0,"82":0},"f":{"0":0,"1":0,"2":0,"3":0,"4":0},"b":{"0":[0],"1":[0],"2":[0],"3":[0],"4":[0],"5":[0,0],"6":[0],"7":[0],"8":[0],"9":[0],"10":[0],"11":[0],"12":[0],"13":[0],"14":[0],"15":[0,0],"16":[0,0],"17":[0,0],"18":[0,0]}}
,"C:\\Users\\eijin\\OneDrive\\Desktop\\Programacion\\challenge\\api-challenge\\src\\services\\scooterService.ts": {"path":"C:\\Users\\eijin\\OneDrive\\Desktop\\Programacion\\challenge\\api-challenge\\src\\services\\scooterService.ts","statementMap":{"0":{"start":{"line":1,"column":0},"end":{"line":1,"column":42}},"1":{"start":{"line":2,"column":0},"end":{"line":2,"column":40}},"2":{"start":{"line":5,"column":31},"end":{"line":11,"column":1}},"3":{"start":{"line":6,"column":20},"end":{"line":8,"column":4}},"4":{"start":{"line":10,"column":2},"end":{"line":10,"column":19}},"5":{"start":{"line":5,"column":13},"end":{"line":5,"column":31}},"6":{"start":{"line":14,"column":37},"end":{"line":24,"column":1}},"7":{"start":{"line":15,"column":19},"end":{"line":21,"column":4}},"8":{"start":{"line":23,"column":2},"end":{"line":23,"column":18}},"9":{"start":{"line":14,"column":13},"end":{"line":14,"column":37}}},"fnMap":{"0":{"name":"(anonymous_1)","decl":{"start":{"line":5,"column":31},"end":{"line":5,"column":36}},"loc":{"start":{"line":5,"column":42},"end":{"line":11,"column":1}}},"1":{"name":"(anonymous_2)","decl":{"start":{"line":14,"column":37},"end":{"line":14,"column":42}},"loc":{"start":{"line":14,"column":66},"end":{"line":24,"column":1}}}},"branchMap":{},"s":{"0":0,"1":0,"2":0,"3":0,"4":0,"5":0,"6":0,"7":0,"8":0,"9":0},"f":{"0":0,"1":0},"b":{}}
,"C:\\Users\\eijin\\OneDrive\\Desktop\\Programacion\\challenge\\api-challenge\\src\\utils\\bonusManager.ts": {"path":"C:\\Users\\eijin\\OneDrive\\Desktop\\Programacion\\challenge\\api-challenge\\src\\utils\\bonusManager.ts","statementMap":{"0":{"start":{"line":1,"column":0},"end":{"line":1,"column":31}},"1":{"start":{"line":3,"column":0},"end":{"line":3,"column":38}},"2":{"start":{"line":11,"column":30},"end":{"line":30,"column":1}},"3":{"start":{"line":12,"column":14},"end":{"line":12,"column":24}},"4":{"start":{"line":13,"column":23},"end":{"line":13,"column":72}},"5":{"start":{"line":15,"column":27},"end":{"line":22,"column":4}},"6":{"start":{"line":24,"column":2},"end":{"line":24,"column":26}},"7":{"start":{"line":26,"column":2},"end":{"line":28,"column":3}},"8":{"start":{"line":27,"column":4},"end":{"line":27,"column":14}},"9":{"start":{"line":29,"column":2},"end":{"line":29,"column":11}},"10":{"start":{"line":11,"column":13},"end":{"line":11,"column":30}}},"fnMap":{"0":{"name":"(anonymous_1)","decl":{"start":{"line":11,"column":30},"end":{"line":11,"column":35}},"loc":{"start":{"line":11,"column":68},"end":{"line":30,"column":1}}}},"branchMap":{"0":{"loc":{"start":{"line":26,"column":2},"end":{"line":28,"column":3}},"type":"if","locations":[{"start":{"line":26,"column":2},"end":{"line":28,"column":3}}]},"1":{"loc":{"start":{"line":26,"column":6},"end":{"line":26,"column":61}},"type":"binary-expr","locations":[{"start":{"line":26,"column":6},"end":{"line":26,"column":29}},{"start":{"line":26,"column":33},"end":{"line":26,"column":61}}]}},"s":{"0":0,"1":0,"2":0,"3":0,"4":0,"5":0,"6":0,"7":0,"8":0,"9":0,"10":0},"f":{"0":0},"b":{"0":[0],"1":[0,0]}}
,"C:\\Users\\eijin\\OneDrive\\Desktop\\Programacion\\challenge\\api-challenge\\src\\utils\\penaltyManager.ts": {"path":"C:\\Users\\eijin\\OneDrive\\Desktop\\Programacion\\challenge\\api-challenge\\src\\utils\\penaltyManager.ts","statementMap":{"0":{"start":{"line":1,"column":0},"end":{"line":1,"column":31}},"1":{"start":{"line":3,"column":0},"end":{"line":3,"column":38}},"2":{"start":{"line":9,"column":32},"end":{"line":36,"column":1}},"3":{"start":{"line":10,"column":16},"end":{"line":10,"column":26}},"4":{"start":{"line":11,"column":25},"end":{"line":11,"column":76}},"5":{"start":{"line":14,"column":31},"end":{"line":21,"column":6}},"6":{"start":{"line":23,"column":25},"end":{"line":23,"column":26}},"7":{"start":{"line":26,"column":4},"end":{"line":33,"column":7}},"8":{"start":{"line":27,"column":29},"end":{"line":27,"column":49}},"9":{"start":{"line":30,"column":8},"end":{"line":32,"column":9}},"10":{"start":{"line":31,"column":12},"end":{"line":31,"column":33}},"11":{"start":{"line":35,"column":4},"end":{"line":35,"column":26}},"12":{"start":{"line":9,"column":13},"end":{"line":9,"column":32}}},"fnMap":{"0":{"name":"(anonymous_1)","decl":{"start":{"line":9,"column":32},"end":{"line":9,"column":37}},"loc":{"start":{"line":9,"column":70},"end":{"line":36,"column":1}}},"1":{"name":"(anonymous_2)","decl":{"start":{"line":26,"column":31},"end":{"line":26,"column":37}},"loc":{"start":{"line":26,"column":40},"end":{"line":33,"column":5}}}},"branchMap":{"0":{"loc":{"start":{"line":30,"column":8},"end":{"line":32,"column":9}},"type":"if","locations":[{"start":{"line":30,"column":8},"end":{"line":32,"column":9}}]}},"s":{"0":0,"1":0,"2":0,"3":0,"4":0,"5":0,"6":0,"7":0,"8":0,"9":0,"10":0,"11":0,"12":0},"f":{"0":0,"1":0},"b":{"0":[0]}}
}
